2026-06-17 14:06:18,189 P1626 [INFO] ************************************************************
2026-06-17 14:06:18,189 P1626 [INFO] ConfigSet _OnInstanceBoot
2026-06-17 14:06:18,192 P1626 [INFO] ++++++++++++++++++++++++++++++++++++++++++++++++++++++++++++
2026-06-17 14:06:18,192 P1626 [INFO] Config AWSEBBaseConfig
2026-06-17 14:06:18,407 P1626 [INFO] ============================================================
2026-06-17 14:06:18,408 P1626 [INFO] Command clearbackupfiles
2026-06-17 14:06:18,419 P1626 [INFO] Completed successfully.
2026-06-17 14:06:18,422 P1626 [INFO] ++++++++++++++++++++++++++++++++++++++++++++++++++++++++++++
2026-06-17 14:06:18,423 P1626 [INFO] Config AWSEBCfnHupEndpointOverride
2026-06-17 14:06:18,423 P1626 [INFO] ============================================================
2026-06-17 14:06:18,423 P1626 [INFO] Command clearbackupfiles
2026-06-17 14:06:18,427 P1626 [INFO] Completed successfully.
2026-06-17 14:06:46,152 P1817 [INFO] ************************************************************
2026-06-17 14:06:46,152 P1817 [INFO] ConfigSet Infra-EmbeddedPreBuild
2026-06-17 14:06:48,376 P1924 [INFO] ************************************************************
2026-06-17 14:06:48,376 P1924 [INFO] ConfigSet Infra-EmbeddedPostBuild
2026-06-19 20:05:25,217 P106990 [INFO] ************************************************************
2026-06-19 20:05:25,217 P106990 [INFO] ConfigSet Infra-EmbeddedPreBuild
2026-06-19 20:05:28,440 P107214 [INFO] ************************************************************
2026-06-19 20:05:28,440 P107214 [INFO] ConfigSet Infra-EmbeddedPostBuild
2026-06-22 01:05:50,057 P210555 [INFO] ************************************************************
2026-06-22 01:05:50,057 P210555 [INFO] ConfigSet Infra-EmbeddedPreBuild
2026-06-22 01:05:53,980 P210778 [INFO] ************************************************************
2026-06-22 01:05:53,980 P210778 [INFO] ConfigSet Infra-EmbeddedPostBuild
2026-06-22 01:39:53,714 P212456 [INFO] ************************************************************
2026-06-22 01:39:53,714 P212456 [INFO] ConfigSet Infra-EmbeddedPostBuild
