2026-06-17 14:06:18,182 [INFO] -----------------------Starting build-----------------------
2026-06-17 14:06:18,187 [INFO] Running configSets: _OnInstanceBoot
2026-06-17 14:06:18,189 [INFO] Running configSet _OnInstanceBoot
2026-06-17 14:06:18,191 [INFO] Running config AWSEBBaseConfig
2026-06-17 14:06:18,419 [INFO] Command clearbackupfiles succeeded
2026-06-17 14:06:18,422 [INFO] Running config AWSEBCfnHupEndpointOverride
2026-06-17 14:06:18,427 [INFO] Command clearbackupfiles succeeded
2026-06-17 14:06:18,428 [INFO] ConfigSets completed
2026-06-17 14:06:18,428 [INFO] -----------------------Build complete-----------------------
2026-06-17 14:06:46,145 [INFO] -----------------------Starting build-----------------------
2026-06-17 14:06:46,150 [INFO] Running configSets: Infra-EmbeddedPreBuild
2026-06-17 14:06:46,152 [INFO] Running configSet Infra-EmbeddedPreBuild
2026-06-17 14:06:46,152 [INFO] ConfigSets completed
2026-06-17 14:06:46,152 [INFO] -----------------------Build complete-----------------------
2026-06-17 14:06:48,367 [INFO] -----------------------Starting build-----------------------
2026-06-17 14:06:48,373 [INFO] Running configSets: Infra-EmbeddedPostBuild
2026-06-17 14:06:48,376 [INFO] Running configSet Infra-EmbeddedPostBuild
2026-06-17 14:06:48,376 [INFO] ConfigSets completed
2026-06-17 14:06:48,376 [INFO] -----------------------Build complete-----------------------
2026-06-19 20:05:25,210 [INFO] -----------------------Starting build-----------------------
2026-06-19 20:05:25,215 [INFO] Running configSets: Infra-EmbeddedPreBuild
2026-06-19 20:05:25,217 [INFO] Running configSet Infra-EmbeddedPreBuild
2026-06-19 20:05:25,217 [INFO] ConfigSets completed
2026-06-19 20:05:25,217 [INFO] -----------------------Build complete-----------------------
2026-06-19 20:05:28,433 [INFO] -----------------------Starting build-----------------------
2026-06-19 20:05:28,437 [INFO] Running configSets: Infra-EmbeddedPostBuild
2026-06-19 20:05:28,439 [INFO] Running configSet Infra-EmbeddedPostBuild
2026-06-19 20:05:28,440 [INFO] ConfigSets completed
2026-06-19 20:05:28,440 [INFO] -----------------------Build complete-----------------------
2026-06-22 01:05:50,051 [INFO] -----------------------Starting build-----------------------
2026-06-22 01:05:50,055 [INFO] Running configSets: Infra-EmbeddedPreBuild
2026-06-22 01:05:50,057 [INFO] Running configSet Infra-EmbeddedPreBuild
2026-06-22 01:05:50,057 [INFO] ConfigSets completed
2026-06-22 01:05:50,057 [INFO] -----------------------Build complete-----------------------
2026-06-22 01:05:53,973 [INFO] -----------------------Starting build-----------------------
2026-06-22 01:05:53,978 [INFO] Running configSets: Infra-EmbeddedPostBuild
2026-06-22 01:05:53,980 [INFO] Running configSet Infra-EmbeddedPostBuild
2026-06-22 01:05:53,980 [INFO] ConfigSets completed
2026-06-22 01:05:53,980 [INFO] -----------------------Build complete-----------------------
2026-06-22 01:39:53,707 [INFO] -----------------------Starting build-----------------------
2026-06-22 01:39:53,712 [INFO] Running configSets: Infra-EmbeddedPostBuild
2026-06-22 01:39:53,714 [INFO] Running configSet Infra-EmbeddedPostBuild
2026-06-22 01:39:53,714 [INFO] ConfigSets completed
2026-06-22 01:39:53,714 [INFO] -----------------------Build complete-----------------------
